Starting new HTTPS connection (1): www.google.com
https://www.google.com:443 "GET /intl/en/chrome/privacy/ HTTP/1.1" 200 None
Starting new HTTPS connection (1): telegram.org
https://telegram.org:443 "GET /privacy HTTP/1.1" 200 11405
Starting new HTTPS connection (1): foundation.wikimedia.org
https://foundation.wikimedia.org:443 "GET /wiki/Privacy_policy HTTP/1.1" 200 28749
Starting new HTTPS connection (1): lionstudios.cc
https://lionstudios.cc:443 "GET /privacy/ HTTP/1.1" 403 162
Starting new HTTPS connection (1): rule.alibaba.com
https://rule.alibaba.com:443 "GET /rule/detail/2034.htm HTTP/1.1" 200 None
Starting new HTTPS connection (1): store.steampowered.com
https://store.steampowered.com:443 "GET /privacy_agreement/ HTTP/1.1" 200 13764
Starting new HTTPS connection (1): www.adobe.com
https://www.adobe.com:443 "GET /privacy/policy.html HTTP/1.1" 200 27375
Starting new HTTPS connection (1): docs.google.com
https://docs.google.com:443 "GET /document/d/1Uq5ulB8LYKFpHg7ADgo966p-Z0pgVZ9JtGbDT3etXZA/edit HTTP/1.1" 200 None
Starting new HTTP connection (1): www.111percent.net
http://www.111percent.net:80 "GET /privacyPolicy HTTP/1.1" 200 9032
Starting new HTTPS connection (1): www.ted.com
https://www.ted.com:443 "GET /about/our-organization/our-policies-terms/privacy-policy HTTP/1.1" 200 14328
Starting new HTTPS connection (1): kklauncher.weebly.com
https://kklauncher.weebly.com:443 "GET / HTTP/1.1" 200 9657
Starting new HTTP connection (1): novalauncher.com
http://novalauncher.com:80 "GET /privacy/ HTTP/1.1" 200 390
Starting new HTTP connection (1): nekki.ru
http://nekki.ru:80 "GET /privacy.php HTTP/1.1" 200 None
Starting new HTTP connection (1): vonad.org
http://vonad.org:80 "GET /privacy_policy_anime.html HTTP/1.1" 200 None
Starting new HTTPS connection (1): privacy.microsoft.com
https://privacy.microsoft.com:443 "GET /en-us/privacystatement HTTP/1.1" 200 None
Starting new HTTPS connection (1): pages.trip.com
https://pages.trip.com:443 "GET /service-guideline/privacy-policy-en-us.html HTTP/1.1" 200 13114
Starting new HTTPS connection (1): sites.google.com
https://sites.google.com:443 "GET /site/mxvpen/about/privacy-policy HTTP/1.1" 200 None
Starting new HTTPS connection (1): www.redditinc.com
https://www.redditinc.com:443 "GET /policies/privacy-policy HTTP/1.1" 200 None
Starting new HTTP connection (1): www.zonmob.com
http://www.zonmob.com:80 "GET /privacy-policy.html HTTP/1.1" 200 None
Starting new HTTPS connection (1): www.quora.com
https://www.quora.com:443 "GET /about/privacy HTTP/1.1" 200 None
Starting new HTTPS connection (1): shanga.co
https://shanga.co:443 "GET /walli/privacypolicy/ HTTP/1.1" 200 3883
Starting new HTTP connection (1): uhdwallpapers.mrdroidstudios.xyz
http://uhdwallpapers.mrdroidstudios.xyz:80 "GET /privacypolicy.html HTTP/1.1" 200 None
Starting new HTTP connection (1): serkanozyilmaz.net
http://serkanozyilmaz.net:80 "GET /privacy/ HTTP/1.1" 200 19341
Starting new HTTP connection (1): www.pleco.com
http://www.pleco.com:80 "GET /privacy-policy/ HTTP/1.1" 200 8085
Starting new HTTPS connection (1): docs.google.com
https://docs.google.com:443 "GET /document/d/1wyH3d5nKWB46pcHifJLeftQo1VnYdKAC_arvO75Tvg0/edit HTTP/1.1" 200 None
Starting new HTTPS connection (1): www.lazada.com.ph
https://www.lazada.com.ph:443 "GET /privacy-policy/ HTTP/1.1" 200 None
Starting new HTTPS connection (1): www.wish.com
https://www.wish.com:443 "GET /privacy_policy HTTP/1.1" 200 None
Starting new HTTPS connection (1): waterstudio16.github.io
https://waterstudio16.github.io:443 "GET /Timbload/privacy/privacy_policy.html HTTP/1.1" 200 2422
Starting new HTTPS connection (1): mergergame.wordpress.com
https://mergergame.wordpress.com:443 "GET /terms-of-service/ HTTP/1.1" 200 None
Starting new HTTP connection (1): www.wordgameplay.com
http://www.wordgameplay.com:80 "GET /privacy.html HTTP/1.1" 200 None
Starting new HTTP connection (1): topface.com
http://topface.com:80 "GET /en/privacy/ HTTP/1.1" 200 None
Starting new HTTPS connection (1): docs.google.com
https://docs.google.com:443 "GET /document/d/14rabUDNEKddi2Ge5B89LzBKKuVjlrZASM_Ky-vaKFRE/edit HTTP/1.1" 200 None
Starting new HTTPS connection (1): kodi.tv
https://kodi.tv:443 "GET /kodi-privacy-policy HTTP/1.1" 200 None
Starting new HTTPS connection (1): www.shazam.com
https://www.shazam.com:443 "GET /zh/terms HTTP/1.1" 200 3259
Starting new HTTP connection (1): www.hellochinese.cc
http://www.hellochinese.cc:80 "GET /privacy.html HTTP/1.1" 200 1925
Starting new HTTPS connection (1): www.teamviewer.com
https://www.teamviewer.com:443 "GET /zhCN/apps-privacy-policy/ HTTP/1.1" 200 None
Starting new HTTPS connection (1): www.cmcm.com
